<?xml version="1.0" encoding="UTF-8"?>
<testsuite name="com.aor.numbers.ListFiltererTest" tests="2" skipped="0" failures="0" errors="0" timestamp="2021-03-19T13:22:18" hostname="LAPTOP-I9QUODOJ" time="0.01">
  <properties/>
  <testcase name="filter_with_divisible()" classname="com.aor.numbers.ListFiltererTest" time="0.007"/>
  <testcase name="filterPositive()" classname="com.aor.numbers.ListFiltererTest" time="0.001"/>
  <system-out><![CDATA[]]></system-out>
  <system-err><![CDATA[]]></system-err>
</testsuite>
